<?xml version="1.0" encoding="UTF-8"?>
<!-- Generated by org.testng.reporters.JUnitXMLReporter -->
<testsuite ignored="0" hostname="LAPTOP-QUC9GRLJ" failures="0" tests="14" name="Default test" time="124.679" errors="0" timestamp="2023-03-24T20:06:05 IST">
  <testcase classname="testCases.GLDTTestcase3" name="@AfterTest logout" time="9.318">
    <failure type="java.lang.NullPointerException" message="Cannot invoke &amp;quot;org.openqa.selenium.WebDriver.quit()&amp;quot; because &amp;quot;testCases.GLDTTestcase3.driver&amp;quot; is null">
      <![CDATA[java.lang.NullPointerException: Cannot invoke "org.openqa.selenium.WebDriver.quit()" because "testCases.GLDTTestcase3.driver" is null
at testCases.GLDTTestcase3.logout(GLDTTestcase3.java:173)
at java.base/jdk.internal.reflect.DirectMethodHandleAccessor.invoke(DirectMethodHandleAccessor.java:104)
at java.base/java.lang.reflect.Method.invoke(Method.java:578)
at org.testng.internal.invokers.MethodInvocationHelper.invokeMethod(MethodInvocationHelper.java:139)
at org.testng.internal.invokers.MethodInvocationHelper.invokeMethodConsideringTimeout(MethodInvocationHelper.java:69)
at org.testng.internal.invokers.ConfigInvoker.invokeConfigurationMethod(ConfigInvoker.java:361)
at org.testng.internal.invokers.ConfigInvoker.invokeConfigurations(ConfigInvoker.java:296)
at org.testng.TestRunner.invokeTestConfigurations(TestRunner.java:644)
at org.testng.TestRunner.afterRun(TestRunner.java:914)
at org.testng.TestRunner.run(TestRunner.java:605)
at org.testng.SuiteRunner.runTest(SuiteRunner.java:437)
at org.testng.SuiteRunner.runSequentially(SuiteRunner.java:431)
at org.testng.SuiteRunner.privateRun(SuiteRunner.java:391)
at org.testng.SuiteRunner.run(SuiteRunner.java:330)
at org.testng.SuiteRunnerWorker.runSuite(SuiteRunnerWorker.java:52)
at org.testng.SuiteRunnerWorker.run(SuiteRunnerWorker.java:95)
at org.testng.TestNG.runSuitesSequentially(TestNG.java:1256)
at org.testng.TestNG.runSuitesLocally(TestNG.java:1176)
at org.testng.TestNG.runSuites(TestNG.java:1099)
at org.testng.TestNG.run(TestNG.java:1067)
at org.testng.remote.AbstractRemoteTestNG.run(AbstractRemoteTestNG.java:115)
at org.testng.remote.RemoteTestNG.initAndRun(RemoteTestNG.java:251)
at org.testng.remote.RemoteTestNG.main(RemoteTestNG.java:77)
]]>
    </failure>
  </testcase> <!-- @AfterTest logout -->
  <testcase classname="testCases.GLDTTestcase3" name="Ropu_login" time="9.84"/>
  <testcase classname="testCases.GLDTTestcase3" name="Opens_ExistingROLDCase" time="8.17"/>
  <testcase classname="testCases.GLDTTestcase3" name="captureROLD_id" time="2.11"/>
  <testcase classname="testCases.GLDTTestcase3" name="Select_BestDate_ePAF_Submission_Date" time="11.236"/>
  <testcase classname="testCases.GLDTTestcase3" name="Select_BaseDate_ePAF_Submission_Date" time="7.149"/>
  <testcase classname="testCases.GLDTTestcase3" name="Select_AcheivedDate_ePAF_Submission_Date" time="12.291"/>
  <testcase classname="testCases.GLDTTestcase3" name="Checkbox_PR_Dossier_Submission_Date_Column" time="9.179"/>
  <testcase classname="testCases.GLDTTestcase3" name="checkbox_Cut_Off_Date_for_IPR_Column" time="8.868"/>
  <testcase classname="testCases.GLDTTestcase3" name="checkbox_officialPriceUnreimbursed" time="4.019"/>
  <testcase classname="testCases.GLDTTestcase3" name="checkbox_officialPriceReimbursed" time="9.929"/>
  <testcase classname="testCases.GLDTTestcase3" name="checkbox_Unreimbursed" time="6.912"/>
  <testcase classname="testCases.GLDTTestcase3" name="checkbox_Reimbursed" time="9.921"/>
  <testcase classname="testCases.GLDTTestcase3" name="CompleteButton" time="6.311"/>
  <testcase classname="testCases.GLDTTestcase3" name="CloseButton" time="9.237"/>
</testsuite> <!-- Default test -->
